[100%] Built target agv_hardware
-- Install configuration: ""
-- Execute custom install script
-- Up-to-date symlink: /home/anviet_robot/agvrobot_ws/install/anviet_688/share/anviet_688//anviet_688_hardware.xml
-- Up-to-date symlink: /home/anviet_robot/agvrobot_ws/install/anviet_688/lib/libagv_hardware.so
-- Up-to-date symlink: /home/anviet_robot/agvrobot_ws/install/anviet_688/share/anviet_688/anviet_688_hardware.xml
-- Up-to-date symlink: /home/anviet_robot/agvrobot_ws/install/anviet_688/share/anviet_688/config/gz_bridge.yaml
-- Up-to-date symlink: /home/anviet_robot/agvrobot_ws/install/anviet_688/share/anviet_688/config/my_controllers.yaml
-- Up-to-date symlink: /home/anviet_robot/agvrobot_ws/install/anviet_688/share/anviet_688/config/nav2_params.yaml
-- Symlinking: /home/anviet_robot/agvrobot_ws/install/anviet_688/share/anviet_688/config/nav2_params_backup.yaml
-- Up-to-date symlink: /home/anviet_robot/agvrobot_ws/install/anviet_688/share/anviet_688/config/slam_toolbox_online.yaml
-- Up-to-date symlink: /home/anviet_robot/agvrobot_ws/install/anviet_688/share/anviet_688/config/twist_mux.yaml
-- Up-to-date symlink: /home/anviet_robot/agvrobot_ws/install/anviet_688/share/anviet_688/config/view_bot.rviz
-- Up-to-date symlink: /home/anviet_robot/agvrobot_ws/install/anviet_688/share/anviet_688/description/gazebo_control.xacro
-- Up-to-date symlink: /home/anviet_robot/agvrobot_ws/install/anviet_688/share/anviet_688/description/inertial_macros.xacro
-- Up-to-date symlink: /home/anviet_robot/agvrobot_ws/install/anviet_688/share/anviet_688/description/lidar.xacro
-- Up-to-date symlink: /home/anviet_robot/agvrobot_ws/install/anviet_688/share/anviet_688/description/robot.urdf.xacro
-- Up-to-date symlink: /home/anviet_robot/agvrobot_ws/install/anviet_688/share/anviet_688/description/robot_core.xacro
-- Up-to-date symlink: /home/anviet_robot/agvrobot_ws/install/anviet_688/share/anviet_688/description/ros2_control.xacro
-- Up-to-date symlink: /home/anviet_robot/agvrobot_ws/install/anviet_688/share/anviet_688/launch/launch_robot.launch.py
-- Up-to-date symlink: /home/anviet_robot/agvrobot_ws/install/anviet_688/share/anviet_688/launch/launch_sim.launch.py
-- Up-to-date symlink: /home/anviet_robot/agvrobot_ws/install/anviet_688/share/anviet_688/launch/navigation_anviet.launch.py
-- Up-to-date symlink: /home/anviet_robot/agvrobot_ws/install/anviet_688/share/anviet_688/launch/rsp.launch.py
-- Up-to-date symlink: /home/anviet_robot/agvrobot_ws/install/anviet_688/share/anviet_688/worlds/empty.world
-- Up-to-date symlink: /home/anviet_robot/agvrobot_ws/install/anviet_688/share/ament_index/resource_index/package_run_dependencies/anviet_688
-- Up-to-date symlink: /home/anviet_robot/agvrobot_ws/install/anviet_688/share/ament_index/resource_index/parent_prefix_path/anviet_688
-- Up-to-date symlink: /home/anviet_robot/agvrobot_ws/install/anviet_688/share/anviet_688/environment/ament_prefix_path.sh
-- Up-to-date symlink: /home/anviet_robot/agvrobot_ws/install/anviet_688/share/anviet_688/environment/ament_prefix_path.dsv
-- Up-to-date symlink: /home/anviet_robot/agvrobot_ws/install/anviet_688/share/anviet_688/environment/path.sh
-- Up-to-date symlink: /home/anviet_robot/agvrobot_ws/install/anviet_688/share/anviet_688/environment/path.dsv
-- Up-to-date symlink: /home/anviet_robot/agvrobot_ws/install/anviet_688/share/anviet_688/local_setup.bash
-- Up-to-date symlink: /home/anviet_robot/agvrobot_ws/install/anviet_688/share/anviet_688/local_setup.sh
-- Up-to-date symlink: /home/anviet_robot/agvrobot_ws/install/anviet_688/share/anviet_688/local_setup.zsh
-- Up-to-date symlink: /home/anviet_robot/agvrobot_ws/install/anviet_688/share/anviet_688/local_setup.dsv
-- Symlinking: /home/anviet_robot/agvrobot_ws/install/anviet_688/share/anviet_688/package.dsv
-- Up-to-date symlink: /home/anviet_robot/agvrobot_ws/install/anviet_688/share/ament_index/resource_index/packages/anviet_688
-- Up-to-date symlink: /home/anviet_robot/agvrobot_ws/install/anviet_688/share/ament_index/resource_index/hardware_interface__pluginlib__plugin/anviet_688
-- Up-to-date symlink: /home/anviet_robot/agvrobot_ws/install/anviet_688/share/anviet_688/cmake/anviet_688Config.cmake
-- Up-to-date symlink: /home/anviet_robot/agvrobot_ws/install/anviet_688/share/anviet_688/cmake/anviet_688Config-version.cmake
-- Up-to-date symlink: /home/anviet_robot/agvrobot_ws/install/anviet_688/share/anviet_688/package.xml
-- Up-to-date symlink: /home/anviet_robot/agvrobot_ws/install/anviet_688/share/anviet_688/launch/launch_robot.launch.py
-- Up-to-date symlink: /home/anviet_robot/agvrobot_ws/install/anviet_688/share/anviet_688/launch/launch_sim.launch.py
-- Up-to-date symlink: /home/anviet_robot/agvrobot_ws/install/anviet_688/share/anviet_688/launch/navigation_anviet.launch.py
-- Up-to-date symlink: /home/anviet_robot/agvrobot_ws/install/anviet_688/share/anviet_688/launch/rsp.launch.py
-- Up-to-date symlink: /home/anviet_robot/agvrobot_ws/install/anviet_688/share/anviet_688/config/gz_bridge.yaml
-- Up-to-date symlink: /home/anviet_robot/agvrobot_ws/install/anviet_688/share/anviet_688/config/my_controllers.yaml
-- Up-to-date symlink: /home/anviet_robot/agvrobot_ws/install/anviet_688/share/anviet_688/config/nav2_params.yaml
-- Up-to-date symlink: /home/anviet_robot/agvrobot_ws/install/anviet_688/share/anviet_688/config/nav2_params_backup.yaml
-- Up-to-date symlink: /home/anviet_robot/agvrobot_ws/install/anviet_688/share/anviet_688/config/slam_toolbox_online.yaml
-- Up-to-date symlink: /home/anviet_robot/agvrobot_ws/install/anviet_688/share/anviet_688/config/twist_mux.yaml
-- Up-to-date symlink: /home/anviet_robot/agvrobot_ws/install/anviet_688/share/anviet_688/config/view_bot.rviz
-- Up-to-date symlink: /home/anviet_robot/agvrobot_ws/install/anviet_688/share/anviet_688/description/gazebo_control.xacro
-- Up-to-date symlink: /home/anviet_robot/agvrobot_ws/install/anviet_688/share/anviet_688/description/inertial_macros.xacro
-- Up-to-date symlink: /home/anviet_robot/agvrobot_ws/install/anviet_688/share/anviet_688/description/lidar.xacro
-- Up-to-date symlink: /home/anviet_robot/agvrobot_ws/install/anviet_688/share/anviet_688/description/robot.urdf.xacro
-- Up-to-date symlink: /home/anviet_robot/agvrobot_ws/install/anviet_688/share/anviet_688/description/robot_core.xacro
-- Up-to-date symlink: /home/anviet_robot/agvrobot_ws/install/anviet_688/share/anviet_688/description/ros2_control.xacro
