[0.069s] Invoking command in '/home/anviet_robot/agvrobot_ws/build/anviet_688': CMAKE_PREFIX_PATH=${CMAKE_PREFIX_PATH}:/home/anviet_robot/agvrobot_ws/install/lds006_python_driver:/home/anviet_robot/lds006_ros2_ws/install/lds006_python_driver:/opt/ros/humble /usr/bin/cmake --build /home/anviet_robot/agvrobot_ws/build/anviet_688 -- -j4 -l4
[0.463s] [100%] Built target agv_hardware
[0.524s] Invoked command in '/home/anviet_robot/agvrobot_ws/build/anviet_688' returned '0': CMAKE_PREFIX_PATH=${CMAKE_PREFIX_PATH}:/home/anviet_robot/agvrobot_ws/install/lds006_python_driver:/home/anviet_robot/lds006_ros2_ws/install/lds006_python_driver:/opt/ros/humble /usr/bin/cmake --build /home/anviet_robot/agvrobot_ws/build/anviet_688 -- -j4 -l4
[0.587s] Invoking command in '/home/anviet_robot/agvrobot_ws/build/anviet_688': CMAKE_PREFIX_PATH=${CMAKE_PREFIX_PATH}:/home/anviet_robot/agvrobot_ws/install/lds006_python_driver:/home/anviet_robot/lds006_ros2_ws/install/lds006_python_driver:/opt/ros/humble /usr/bin/cmake --install /home/anviet_robot/agvrobot_ws/build/anviet_688
[0.634s] -- Install configuration: ""
[0.636s] -- Execute custom install script
[0.637s] -- Up-to-date symlink: /home/anviet_robot/agvrobot_ws/install/anviet_688/share/anviet_688//anviet_688_hardware.xml
[0.639s] -- Up-to-date symlink: /home/anviet_robot/agvrobot_ws/install/anviet_688/lib/libagv_hardware.so
[0.640s] -- Up-to-date symlink: /home/anviet_robot/agvrobot_ws/install/anviet_688/share/anviet_688/anviet_688_hardware.xml
[0.642s] -- Up-to-date symlink: /home/anviet_robot/agvrobot_ws/install/anviet_688/share/anviet_688/config/gz_bridge.yaml
[0.643s] -- Up-to-date symlink: /home/anviet_robot/agvrobot_ws/install/anviet_688/share/anviet_688/config/my_controllers.yaml
[0.644s] -- Up-to-date symlink: /home/anviet_robot/agvrobot_ws/install/anviet_688/share/anviet_688/config/slam_toolbox_online.yaml
[0.645s] -- Up-to-date symlink: /home/anviet_robot/agvrobot_ws/install/anviet_688/share/anviet_688/config/twist_mux.yaml
[0.646s] -- Up-to-date symlink: /home/anviet_robot/agvrobot_ws/install/anviet_688/share/anviet_688/config/view_bot.rviz
[0.648s] -- Up-to-date symlink: /home/anviet_robot/agvrobot_ws/install/anviet_688/share/anviet_688/description/gazebo_control.xacro
[0.649s] -- Up-to-date symlink: /home/anviet_robot/agvrobot_ws/install/anviet_688/share/anviet_688/description/inertial_macros.xacro
[0.650s] -- Up-to-date symlink: /home/anviet_robot/agvrobot_ws/install/anviet_688/share/anviet_688/description/lidar.xacro
[0.651s] -- Up-to-date symlink: /home/anviet_robot/agvrobot_ws/install/anviet_688/share/anviet_688/description/robot.urdf.xacro
[0.652s] -- Up-to-date symlink: /home/anviet_robot/agvrobot_ws/install/anviet_688/share/anviet_688/description/robot_core.xacro
[0.653s] -- Up-to-date symlink: /home/anviet_robot/agvrobot_ws/install/anviet_688/share/anviet_688/description/ros2_control.xacro
[0.655s] -- Up-to-date symlink: /home/anviet_robot/agvrobot_ws/install/anviet_688/share/anviet_688/launch/launch_robot.launch.py
[0.658s] -- Up-to-date symlink: /home/anviet_robot/agvrobot_ws/install/anviet_688/share/anviet_688/launch/launch_sim.launch.py
[0.660s] -- Up-to-date symlink: /home/anviet_robot/agvrobot_ws/install/anviet_688/share/anviet_688/launch/rsp.launch.py
[0.662s] -- Up-to-date symlink: /home/anviet_robot/agvrobot_ws/install/anviet_688/share/anviet_688/worlds/empty.world
[0.665s] -- Up-to-date symlink: /home/anviet_robot/agvrobot_ws/install/anviet_688/share/ament_index/resource_index/package_run_dependencies/anviet_688
[0.667s] -- Up-to-date symlink: /home/anviet_robot/agvrobot_ws/install/anviet_688/share/ament_index/resource_index/parent_prefix_path/anviet_688
[0.670s] -- Up-to-date symlink: /home/anviet_robot/agvrobot_ws/install/anviet_688/share/anviet_688/environment/ament_prefix_path.sh
[0.671s] -- Up-to-date symlink: /home/anviet_robot/agvrobot_ws/install/anviet_688/share/anviet_688/environment/ament_prefix_path.dsv
[0.672s] -- Up-to-date symlink: /home/anviet_robot/agvrobot_ws/install/anviet_688/share/anviet_688/environment/path.sh
[0.673s] -- Up-to-date symlink: /home/anviet_robot/agvrobot_ws/install/anviet_688/share/anviet_688/environment/path.dsv
[0.673s] -- Up-to-date symlink: /home/anviet_robot/agvrobot_ws/install/anviet_688/share/anviet_688/local_setup.bash
[0.674s] -- Up-to-date symlink: /home/anviet_robot/agvrobot_ws/install/anviet_688/share/anviet_688/local_setup.sh
[0.674s] -- Up-to-date symlink: /home/anviet_robot/agvrobot_ws/install/anviet_688/share/anviet_688/local_setup.zsh
[0.675s] -- Up-to-date symlink: /home/anviet_robot/agvrobot_ws/install/anviet_688/share/anviet_688/local_setup.dsv
[0.675s] -- Symlinking: /home/anviet_robot/agvrobot_ws/install/anviet_688/share/anviet_688/package.dsv
[0.728s] -- Up-to-date symlink: /home/anviet_robot/agvrobot_ws/install/anviet_688/share/ament_index/resource_index/packages/anviet_688
[0.729s] -- Up-to-date symlink: /home/anviet_robot/agvrobot_ws/install/anviet_688/share/ament_index/resource_index/hardware_interface__pluginlib__plugin/anviet_688
[0.730s] -- Up-to-date symlink: /home/anviet_robot/agvrobot_ws/install/anviet_688/share/anviet_688/cmake/anviet_688Config.cmake
[0.732s] -- Up-to-date symlink: /home/anviet_robot/agvrobot_ws/install/anviet_688/share/anviet_688/cmake/anviet_688Config-version.cmake
[0.733s] -- Up-to-date symlink: /home/anviet_robot/agvrobot_ws/install/anviet_688/share/anviet_688/package.xml
[0.740s] Invoked command in '/home/anviet_robot/agvrobot_ws/build/anviet_688' returned '0': CMAKE_PREFIX_PATH=${CMAKE_PREFIX_PATH}:/home/anviet_robot/agvrobot_ws/install/lds006_python_driver:/home/anviet_robot/lds006_ros2_ws/install/lds006_python_driver:/opt/ros/humble /usr/bin/cmake --install /home/anviet_robot/agvrobot_ws/build/anviet_688
