-- Found ament_cmake: 1.3.14 (/opt/ros/humble/share/ament_cmake/cmake)
-- Override CMake install command with custom implementation using symlinks instead of copying resources
-- Found pluginlib: 5.1.4 (/opt/ros/humble/share/pluginlib/cmake)
-- Found hardware_interface: 2.54.0 (/opt/ros/humble/share/hardware_interface/cmake)
-- Found rosidl_generator_c: 3.1.8 (/opt/ros/humble/share/rosidl_generator_c/cmake)
-- Found rosidl_adapter: 3.1.8 (/opt/ros/humble/share/rosidl_adapter/cmake)
-- Found rosidl_generator_cpp: 3.1.8 (/opt/ros/humble/share/rosidl_generator_cpp/cmake)
-- Using all available rosidl_typesupport_c: rosidl_typesupport_fastrtps_c;rosidl_typesupport_introspection_c
-- Using all available rosidl_typesupport_cpp: rosidl_typesupport_fastrtps_cpp;rosidl_typesupport_introspection_cpp
-- Found rmw_implementation_cmake: 6.1.2 (/opt/ros/humble/share/rmw_implementation_cmake/cmake)
-- Found rmw_fastrtps_cpp: 6.2.10 (/opt/ros/humble/share/rmw_fastrtps_cpp/cmake)
-- Found TinyXML2 via Config file: TinyXML2_DIR-NOTFOUND
-- Found TinyXML2 via Config file: TinyXML2_DIR-NOTFOUND
-- Found TinyXML2 via Config file: TinyXML2_DIR-NOTFOUND
-- Found TinyXML2 via Config file: TinyXML2_DIR-NOTFOUND
-- Using RMW implementation 'rmw_fastrtps_cpp' as default
-- Configuring done
-- Generating done
-- Build files have been written to: /home/anviet_robot/agvrobot_ws/build/anviet_688
[35m[1mConsolidate compiler generated dependencies of target agv_hardware[0m
[100%] Built target agv_hardware
-- Install configuration: ""
-- Execute custom install script
-- Up-to-date symlink: /home/anviet_robot/agvrobot_ws/install/anviet_688/share/anviet_688//anviet_688_hardware.xml
-- Up-to-date symlink: /home/anviet_robot/agvrobot_ws/install/anviet_688/lib/libagv_hardware.so
-- Up-to-date symlink: /home/anviet_robot/agvrobot_ws/install/anviet_688/share/anviet_688/anviet_688_hardware.xml
-- Up-to-date symlink: /home/anviet_robot/agvrobot_ws/install/anviet_688/share/anviet_688/config/gz_bridge.yaml
-- Up-to-date symlink: /home/anviet_robot/agvrobot_ws/install/anviet_688/share/anviet_688/config/my_controllers.yaml
-- Up-to-date symlink: /home/anviet_robot/agvrobot_ws/install/anviet_688/share/anviet_688/config/slam_toolbox_online.yaml
-- Up-to-date symlink: /home/anviet_robot/agvrobot_ws/install/anviet_688/share/anviet_688/config/twist_mux.yaml
-- Up-to-date symlink: /home/anviet_robot/agvrobot_ws/install/anviet_688/share/anviet_688/config/view_bot.rviz
-- Up-to-date symlink: /home/anviet_robot/agvrobot_ws/install/anviet_688/share/anviet_688/description/gazebo_control.xacro
-- Up-to-date symlink: /home/anviet_robot/agvrobot_ws/install/anviet_688/share/anviet_688/description/inertial_macros.xacro
-- Up-to-date symlink: /home/anviet_robot/agvrobot_ws/install/anviet_688/share/anviet_688/description/lidar.xacro
-- Up-to-date symlink: /home/anviet_robot/agvrobot_ws/install/anviet_688/share/anviet_688/description/robot.urdf.xacro
-- Up-to-date symlink: /home/anviet_robot/agvrobot_ws/install/anviet_688/share/anviet_688/description/robot_core.xacro
-- Up-to-date symlink: /home/anviet_robot/agvrobot_ws/install/anviet_688/share/anviet_688/description/ros2_control.xacro
-- Up-to-date symlink: /home/anviet_robot/agvrobot_ws/install/anviet_688/share/anviet_688/launch/launch_robot.launch.py
-- Up-to-date symlink: /home/anviet_robot/agvrobot_ws/install/anviet_688/share/anviet_688/launch/launch_sim.launch.py
-- Up-to-date symlink: /home/anviet_robot/agvrobot_ws/install/anviet_688/share/anviet_688/launch/rsp.launch.py
-- Up-to-date symlink: /home/anviet_robot/agvrobot_ws/install/anviet_688/share/anviet_688/worlds/empty.world
-- Up-to-date symlink: /home/anviet_robot/agvrobot_ws/install/anviet_688/share/ament_index/resource_index/package_run_dependencies/anviet_688
-- Up-to-date symlink: /home/anviet_robot/agvrobot_ws/install/anviet_688/share/ament_index/resource_index/parent_prefix_path/anviet_688
-- Up-to-date symlink: /home/anviet_robot/agvrobot_ws/install/anviet_688/share/anviet_688/environment/ament_prefix_path.sh
-- Up-to-date symlink: /home/anviet_robot/agvrobot_ws/install/anviet_688/share/anviet_688/environment/ament_prefix_path.dsv
-- Up-to-date symlink: /home/anviet_robot/agvrobot_ws/install/anviet_688/share/anviet_688/environment/path.sh
-- Up-to-date symlink: /home/anviet_robot/agvrobot_ws/install/anviet_688/share/anviet_688/environment/path.dsv
-- Up-to-date symlink: /home/anviet_robot/agvrobot_ws/install/anviet_688/share/anviet_688/local_setup.bash
-- Up-to-date symlink: /home/anviet_robot/agvrobot_ws/install/anviet_688/share/anviet_688/local_setup.sh
-- Up-to-date symlink: /home/anviet_robot/agvrobot_ws/install/anviet_688/share/anviet_688/local_setup.zsh
-- Up-to-date symlink: /home/anviet_robot/agvrobot_ws/install/anviet_688/share/anviet_688/local_setup.dsv
-- Symlinking: /home/anviet_robot/agvrobot_ws/install/anviet_688/share/anviet_688/package.dsv
-- Up-to-date symlink: /home/anviet_robot/agvrobot_ws/install/anviet_688/share/ament_index/resource_index/packages/anviet_688
-- Up-to-date symlink: /home/anviet_robot/agvrobot_ws/install/anviet_688/share/ament_index/resource_index/hardware_interface__pluginlib__plugin/anviet_688
-- Up-to-date symlink: /home/anviet_robot/agvrobot_ws/install/anviet_688/share/anviet_688/cmake/anviet_688Config.cmake
-- Up-to-date symlink: /home/anviet_robot/agvrobot_ws/install/anviet_688/share/anviet_688/cmake/anviet_688Config-version.cmake
-- Up-to-date symlink: /home/anviet_robot/agvrobot_ws/install/anviet_688/share/anviet_688/package.xml
