[0.071s] Invoking command in '/home/anviet_robot/agvrobot_ws/build/anviet_688': CMAKE_PREFIX_PATH=${CMAKE_PREFIX_PATH}:/home/anviet_robot/agvrobot_ws/install/lds006_python_driver:/home/anviet_robot/lds006_ros2_ws/install/lds006_python_driver:/opt/ros/humble /usr/bin/cmake --build /home/anviet_robot/agvrobot_ws/build/anviet_688 -- -j4 -l4
[0.509s] [100%] Built target agv_hardware
[0.570s] Invoked command in '/home/anviet_robot/agvrobot_ws/build/anviet_688' returned '0': CMAKE_PREFIX_PATH=${CMAKE_PREFIX_PATH}:/home/anviet_robot/agvrobot_ws/install/lds006_python_driver:/home/anviet_robot/lds006_ros2_ws/install/lds006_python_driver:/opt/ros/humble /usr/bin/cmake --build /home/anviet_robot/agvrobot_ws/build/anviet_688 -- -j4 -l4
[0.631s] Invoking command in '/home/anviet_robot/agvrobot_ws/build/anviet_688': CMAKE_PREFIX_PATH=${CMAKE_PREFIX_PATH}:/home/anviet_robot/agvrobot_ws/install/lds006_python_driver:/home/anviet_robot/lds006_ros2_ws/install/lds006_python_driver:/opt/ros/humble /usr/bin/cmake --install /home/anviet_robot/agvrobot_ws/build/anviet_688
[0.679s] -- Install configuration: ""
[0.680s] -- Execute custom install script
[0.682s] -- Up-to-date symlink: /home/anviet_robot/agvrobot_ws/install/anviet_688/share/anviet_688//anviet_688_hardware.xml
[0.683s] -- Up-to-date symlink: /home/anviet_robot/agvrobot_ws/install/anviet_688/lib/libagv_hardware.so
[0.684s] -- Up-to-date symlink: /home/anviet_robot/agvrobot_ws/install/anviet_688/share/anviet_688/anviet_688_hardware.xml
[0.686s] -- Up-to-date symlink: /home/anviet_robot/agvrobot_ws/install/anviet_688/share/anviet_688/config/gz_bridge.yaml
[0.687s] -- Up-to-date symlink: /home/anviet_robot/agvrobot_ws/install/anviet_688/share/anviet_688/config/my_controllers.yaml
[0.688s] -- Up-to-date symlink: /home/anviet_robot/agvrobot_ws/install/anviet_688/share/anviet_688/config/slam_toolbox_online.yaml
[0.689s] -- Up-to-date symlink: /home/anviet_robot/agvrobot_ws/install/anviet_688/share/anviet_688/config/twist_mux.yaml
[0.690s] -- Up-to-date symlink: /home/anviet_robot/agvrobot_ws/install/anviet_688/share/anviet_688/config/view_bot.rviz
[0.692s] -- Up-to-date symlink: /home/anviet_robot/agvrobot_ws/install/anviet_688/share/anviet_688/description/gazebo_control.xacro
[0.692s] -- Up-to-date symlink: /home/anviet_robot/agvrobot_ws/install/anviet_688/share/anviet_688/description/inertial_macros.xacro
[0.694s] -- Up-to-date symlink: /home/anviet_robot/agvrobot_ws/install/anviet_688/share/anviet_688/description/lidar.xacro
[0.695s] -- Up-to-date symlink: /home/anviet_robot/agvrobot_ws/install/anviet_688/share/anviet_688/description/robot.urdf.xacro
[0.696s] -- Up-to-date symlink: /home/anviet_robot/agvrobot_ws/install/anviet_688/share/anviet_688/description/robot_core.xacro
[0.697s] -- Up-to-date symlink: /home/anviet_robot/agvrobot_ws/install/anviet_688/share/anviet_688/description/ros2_control.xacro
[0.699s] -- Up-to-date symlink: /home/anviet_robot/agvrobot_ws/install/anviet_688/share/anviet_688/launch/launch_robot.launch.py
[0.699s] -- Up-to-date symlink: /home/anviet_robot/agvrobot_ws/install/anviet_688/share/anviet_688/launch/launch_sim.launch.py
[0.700s] -- Up-to-date symlink: /home/anviet_robot/agvrobot_ws/install/anviet_688/share/anviet_688/launch/rsp.launch.py
[0.702s] -- Up-to-date symlink: /home/anviet_robot/agvrobot_ws/install/anviet_688/share/anviet_688/worlds/empty.world
[0.703s] -- Up-to-date symlink: /home/anviet_robot/agvrobot_ws/install/anviet_688/share/ament_index/resource_index/package_run_dependencies/anviet_688
[0.704s] -- Up-to-date symlink: /home/anviet_robot/agvrobot_ws/install/anviet_688/share/ament_index/resource_index/parent_prefix_path/anviet_688
[0.705s] -- Up-to-date symlink: /home/anviet_robot/agvrobot_ws/install/anviet_688/share/anviet_688/environment/ament_prefix_path.sh
[0.707s] -- Up-to-date symlink: /home/anviet_robot/agvrobot_ws/install/anviet_688/share/anviet_688/environment/ament_prefix_path.dsv
[0.708s] -- Up-to-date symlink: /home/anviet_robot/agvrobot_ws/install/anviet_688/share/anviet_688/environment/path.sh
[0.709s] -- Up-to-date symlink: /home/anviet_robot/agvrobot_ws/install/anviet_688/share/anviet_688/environment/path.dsv
[0.710s] -- Up-to-date symlink: /home/anviet_robot/agvrobot_ws/install/anviet_688/share/anviet_688/local_setup.bash
[0.711s] -- Up-to-date symlink: /home/anviet_robot/agvrobot_ws/install/anviet_688/share/anviet_688/local_setup.sh
[0.712s] -- Up-to-date symlink: /home/anviet_robot/agvrobot_ws/install/anviet_688/share/anviet_688/local_setup.zsh
[0.713s] -- Up-to-date symlink: /home/anviet_robot/agvrobot_ws/install/anviet_688/share/anviet_688/local_setup.dsv
[0.714s] -- Symlinking: /home/anviet_robot/agvrobot_ws/install/anviet_688/share/anviet_688/package.dsv
[0.768s] -- Up-to-date symlink: /home/anviet_robot/agvrobot_ws/install/anviet_688/share/ament_index/resource_index/packages/anviet_688
[0.770s] -- Up-to-date symlink: /home/anviet_robot/agvrobot_ws/install/anviet_688/share/ament_index/resource_index/hardware_interface__pluginlib__plugin/anviet_688
[0.771s] -- Up-to-date symlink: /home/anviet_robot/agvrobot_ws/install/anviet_688/share/anviet_688/cmake/anviet_688Config.cmake
[0.771s] -- Up-to-date symlink: /home/anviet_robot/agvrobot_ws/install/anviet_688/share/anviet_688/cmake/anviet_688Config-version.cmake
[0.773s] -- Up-to-date symlink: /home/anviet_robot/agvrobot_ws/install/anviet_688/share/anviet_688/package.xml
[0.779s] Invoked command in '/home/anviet_robot/agvrobot_ws/build/anviet_688' returned '0': CMAKE_PREFIX_PATH=${CMAKE_PREFIX_PATH}:/home/anviet_robot/agvrobot_ws/install/lds006_python_driver:/home/anviet_robot/lds006_ros2_ws/install/lds006_python_driver:/opt/ros/humble /usr/bin/cmake --install /home/anviet_robot/agvrobot_ws/build/anviet_688
